<?xml version='1.0' encoding='utf-8' standalone='yes' ?><testsuites><testsuite name="com.maventest.ant.AntCamp.test.HelloAndroidActivityTest"><testcase classname="com.maventest.ant.AntCamp.test.HelloAndroidActivityTest" name="testActivity" time="0.409" /><testcase classname="com.maventest.ant.AntCamp.test.HelloAndroidActivityTest" name="testActivity2" time="0.317" /><testcase classname="com.maventest.ant.AntCamp.test.HelloAndroidActivityTest" name="testEmma" time="0.249" /></testsuite></testsuites>